dea@beast-titan~/dev/gfx/tri $ valgrind build/tri 
==318776== Memcheck, a memory error detector
==318776== Copyright (C) 2002-2022, and GNU GPL'd, by Julian Seward et al.
==318776== Using Valgrind-3.19.0 and LibVEX; rerun with -h for copyright info
==318776== Command: build/tri
==318776== 
### unhandled dwarf2 abbrev form code 0x25
### unhandled dwarf2 abbrev form code 0x25
### unhandled dwarf2 abbrev form code 0x25
### unhandled dwarf2 abbrev form code 0x23
--318776-- WARNING: Serious error when reading debug info
--318776-- When reading debug info from /usr/lib64/libLLVM.so.14:
--318776-- DWARF line info appears to be corrupt - the section is too small
### unhandled dwarf2 abbrev form code 0x25
### unhandled dwarf2 abbrev form code 0x25
### unhandled dwarf2 abbrev form code 0x25
### unhandled dwarf2 abbrev form code 0x23
--318776-- WARNING: Serious error when reading debug info
--318776-- When reading debug info from /usr/lib64/libLLVM.so.14:
--318776-- Only DWARF version 2, 3, 4 and 5 line info is currently supported.
### unhandled dwarf2 abbrev form code 0x25
### unhandled dwarf2 abbrev form code 0x25
### unhandled dwarf2 abbrev form code 0x25
### unhandled dwarf2 abbrev form code 0x23
==318776== Valgrind: debuginfo reader: ensure_valid failed:
==318776== Valgrind:   during call to ML_(img_get)
==318776== Valgrind:   request for range [1032585814, +4) exceeds
==318776== Valgrind:   valid image size of 719976448 for image:
==318776== Valgrind:   "/usr/lib/debug/.build-id/fb/c210744a65517a5fd60e14fceba5676fa0c250.debug"
==318776== 
==318776== Valgrind: debuginfo reader: Possibly corrupted debuginfo file.
==318776== Valgrind: I can't recover.  Giving up.  Sorry.
==318776==